# JRE version: Java(TM) SE Runtime Environment (8.0_131-b11) (build 1.8.0_131-b11)
# Java VM: Java HotSpot(TM) 64-Bit Server VM (25.131-b11 mixed mode windows-amd64 compressed oops)
Heap:
 PSYoungGen      total 269824K, used 229695K [0x00000000d5c00000, 0x00000000f0800000, 0x0000000100000000)
  eden space 106496K, 79% used [0x00000000d5c00000,0x00000000daf14998,0x00000000dc400000)
  from space 163328K, 88% used [0x00000000dc400000,0x00000000e513b360,0x00000000e6380000)
  to   space 154112K, 0% used [0x00000000e6380000,0x00000000e6380000,0x00000000efa00000)
 ParOldGen       total 445952K, used 278146K [0x0000000081400000, 0x000000009c780000, 0x00000000d5c00000)
  object space 445952K, 62% used [0x0000000081400000,0x00000000923a0bc0,0x000000009c780000)
 Metaspace       used 6489K, capacity 6706K, committed 6912K, reserved 1056768K
  class space    used 691K, capacity 764K, committed 768K, reserved 1048576K
GC Heap History (10 events):
Event: 3.522 GC heap before
{Heap before GC invocations=16 (full 3):
 PSYoungGen      total 237568K, used 107441K [0x00000000d5c00000, 0x00000000efa00000, 0x0000000100000000)
  eden space 93184K, 0% used [0x00000000d5c00000,0x00000000d5c00000,0x00000000db700000)
  from space 144384K, 74% used [0x00000000db700000,0x00000000e1fec698,0x00000000e4400000)
  to   space 154112K, 0% used [0x00000000e6380000,0x00000000e6380000,0x00000000efa00000)
 ParOldGen       total 278528K, used 255902K [0x0000000081400000, 0x0000000092400000, 0x00000000d5c00000)
  object space 278528K, 91% used [0x0000000081400000,0x0000000090de7868,0x0000000092400000)
 Metaspace       used 5061K, capacity 5234K, committed 5504K, reserved 1056768K
  class space    used 538K, capacity 594K, committed 640K, reserved 1048576K
Event: 4.758 GC heap after
Heap after GC invocations=16 (full 3):
 PSYoungGen      total 237568K, used 81121K [0x00000000d5c00000, 0x00000000efa00000, 0x0000000100000000)
  eden space 93184K, 0% used [0x00000000d5c00000,0x00000000d5c00000,0x00000000db700000)
  from space 144384K, 56% used [0x00000000db700000,0x00000000e0638618,0x00000000e4400000)
  to   space 154112K, 0% used [0x00000000e6380000,0x00000000e6380000,0x00000000efa00000)
 ParOldGen       total 445952K, used 278138K [0x0000000081400000, 0x000000009c780000, 0x00000000d5c00000)
  object space 445952K, 62% used [0x0000000081400000,0x000000009239ebc0,0x000000009c780000)
 Metaspace       used 5061K, capacity 5234K, committed 5504K, reserved 1056768K
  class space    used 538K, capacity 594K, committed 640K, reserved 1048576K
}
Event: 4.865 GC heap before
{Heap before GC invocations=17 (full 3):
 PSYoungGen      total 237568K, used 174305K [0x00000000d5c00000, 0x00000000efa00000, 0x0000000100000000)
  eden space 93184K, 100% used [0x00000000d5c00000,0x00000000db700000,0x00000000db700000)
  from space 144384K, 56% used [0x00000000db700000,0x00000000e0638618,0x00000000e4400000)
  to   space 154112K, 0% used [0x00000000e6380000,0x00000000e6380000,0x00000000efa00000)
 ParOldGen       total 445952K, used 278138K [0x0000000081400000, 0x000000009c780000, 0x00000000d5c00000)
  object space 445952K, 62% used [0x0000000081400000,0x000000009239ebc0,0x000000009c780000)
 Metaspace       used 5070K, capacity 5234K, committed 5504K, reserved 1056768K
  class space    used 539K, capacity 594K, committed 640K, reserved 1048576K
Event: 4.932 GC heap after
Heap after GC invocations=17 (full 3):
 PSYoungGen      total 260608K, used 112025K [0x00000000d5c00000, 0x00000000f0800000, 0x0000000100000000)
  eden space 106496K, 0% used [0x00000000d5c00000,0x00000000d5c00000,0x00000000dc400000)
  from space 154112K, 72% used [0x00000000e6380000,0x00000000ed0e6520,0x00000000efa00000)
  to   space 163328K, 0% used [0x00000000dc400000,0x00000000dc400000,0x00000000e6380000)
 ParOldGen       total 445952K, used 278138K [0x0000000081400000, 0x000000009c780000, 0x00000000d5c00000)
  object space 445952K, 62% used [0x0000000081400000,0x000000009239ebc0,0x000000009c780000)
 Metaspace       used 5070K, capacity 5234K, committed 5504K, reserved 1056768K
  class space    used 539K, capacity 594K, committed 640K, reserved 1048576K
}
Event: 6.777 GC heap before
{Heap before GC invocations=18 (full 3):
 PSYoungGen      total 260608K, used 218521K [0x00000000d5c00000, 0x00000000f0800000, 0x0000000100000000)
  eden space 106496K, 100% used [0x00000000d5c00000,0x00000000dc400000,0x00000000dc400000)
  from space 154112K, 72% used [0x00000000e6380000,0x00000000ed0e6520,0x00000000efa00000)
  to   space 163328K, 0% used [0x00000000dc400000,0x00000000dc400000,0x00000000e6380000)
 ParOldGen       total 445952K, used 278138K [0x0000000081400000, 0x000000009c780000, 0x00000000d5c00000)
  object space 445952K, 62% used [0x0000000081400000,0x000000009239ebc0,0x000000009c780000)
 Metaspace       used 5241K, capacity 5362K, committed 5504K, reserved 1056768K
  class space    used 554K, capacity 594K, committed 640K, reserved 1048576K
Event: 6.827 GC heap after
Heap after GC invocations=18 (full 3):
 PSYoungGen      total 269824K, used 134257K [0x00000000d5c00000, 0x00000000f0800000, 0x0000000100000000)
  eden space 106496K, 0% used [0x00000000d5c00000,0x00000000d5c00000,0x00000000dc400000)
  from space 163328K, 82% used [0x00000000dc400000,0x00000000e471c5b8,0x00000000e6380000)
  to   space 154112K, 0% used [0x00000000e6380000,0x00000000e6380000,0x00000000efa00000)
 ParOldGen       total 445952K, used 278138K [0x0000000081400000, 0x000000009c780000, 0x00000000d5c00000)
  object space 445952K, 62% used [0x0000000081400000,0x000000009239ebc0,0x000000009c780000)
 Metaspace       used 5241K, capacity 5362K, committed 5504K, reserved 1056768K
  class space    used 554K, capacity 594K, committed 640K, reserved 1048576K
}
Event: 8.791 GC heap before
{Heap before GC invocations=19 (full 3):
 PSYoungGen      total 269824K, used 240753K [0x00000000d5c00000, 0x00000000f0800000, 0x0000000100000000)
  eden space 106496K, 100% used [0x00000000d5c00000,0x00000000dc400000,0x00000000dc400000)
  from space 163328K, 82% used [0x00000000dc400000,0x00000000e471c5b8,0x00000000e6380000)
  to   space 154112K, 0% used [0x00000000e6380000,0x00000000e6380000,0x00000000efa00000)
 ParOldGen       total 445952K, used 278138K [0x0000000081400000, 0x000000009c780000, 0x00000000d5c00000)
  object space 445952K, 62% used [0x0000000081400000,0x000000009239ebc0,0x000000009c780000)
 Metaspace       used 6420K, capacity 6642K, committed 6656K, reserved 1056768K
  class space    used 691K, capacity 764K, committed 768K, reserved 1048576K
Event: 8.850 GC heap after
Heap after GC invocations=19 (full 3):
 PSYoungGen      total 260608K, used 144587K [0x00000000d5c00000, 0x00000000f0800000, 0x0000000100000000)
  eden space 106496K, 0% used [0x00000000d5c00000,0x00000000d5c00000,0x00000000dc400000)
  from space 154112K, 93% used [0x00000000e6380000,0x00000000ef0b2f40,0x00000000efa00000)
  to   space 163328K, 0% used [0x00000000dc400000,0x00000000dc400000,0x00000000e6380000)
 ParOldGen       total 445952K, used 278146K [0x0000000081400000, 0x000000009c780000, 0x00000000d5c00000)
  object space 445952K, 62% used [0x0000000081400000,0x00000000923a0bc0,0x000000009c780000)
 Metaspace       used 6420K, capacity 6642K, committed 6656K, reserved 1056768K
  class space    used 691K, capacity 764K, committed 768K, reserved 1048576K
}
Event: 9.404 GC heap before
{Heap before GC invocations=20 (full 3):
 PSYoungGen      total 260608K, used 251083K [0x00000000d5c00000, 0x00000000f0800000, 0x0000000100000000)
  eden space 106496K, 100% used [0x00000000d5c00000,0x00000000dc400000,0x00000000dc400000)
  from space 154112K, 93% used [0x00000000e6380000,0x00000000ef0b2f40,0x00000000efa00000)
  to   space 163328K, 0% used [0x00000000dc400000,0x00000000dc400000,0x00000000e6380000)
 ParOldGen       total 445952K, used 278146K [0x0000000081400000, 0x000000009c780000, 0x00000000d5c00000)
  object space 445952K, 62% used [0x0000000081400000,0x00000000923a0bc0,0x000000009c780000)
 Metaspace       used 6480K, capacity 6706K, committed 6912K, reserved 1056768K
  class space    used 691K, capacity 764K, committed 768K, reserved 1048576K
Event: 9.456 GC heap after
Heap after GC invocations=20 (full 3):
 PSYoungGen      total 269824K, used 144620K [0x00000000d5c00000, 0x00000000f0800000, 0x0000000100000000)
  eden space 106496K, 0% used [0x00000000d5c00000,0x00000000d5c00000,0x00000000dc400000)
  from space 163328K, 88% used [0x00000000dc400000,0x00000000e513b360,0x00000000e6380000)
  to   space 154112K, 0% used [0x00000000e6380000,0x00000000e6380000,0x00000000efa00000)
 ParOldGen       total 445952K, used 278146K [0x0000000081400000, 0x000000009c780000, 0x00000000d5c00000)
  object space 445952K, 62% used [0x0000000081400000,0x00000000923a0bc0,0x000000009c780000)
 Metaspace       used 6480K, capacity 6706K, committed 6912K, reserved 1056768K
  class space    used 691K, capacity 764K, committed 768K, reserved 1048576K
}

